<?xml version="1.0" encoding="UTF-8"?>
<!-- Generated by org.testng.reporters.JUnitReportReporter -->
<testsuite hostname="DSB-PC" name="demo.Internationalization" tests="1" failures="0" timestamp="16 Dec 2016 14:07:00 GMT" time="1.690" errors="0">
  <testcase name="credentialsTest" time="1.690" classname="demo.Internationalization"/>
</testsuite> <!-- demo.Internationalization -->
