<?xml version="1.0" encoding="UTF-8"?>
<!-- Generated by org.testng.reporters.JUnitReportReporter -->
<testsuite hostname="DSB-PC" name="demo.Annotations" tests="2" failures="0" timestamp="15 Dec 2016 14:01:49 GMT" time="0.021" errors="0">
  <testcase name="test2" time="0.007" classname="demo.Annotations"/>
  <testcase name="test" time="0.014" classname="demo.Annotations"/>
</testsuite> <!-- demo.Annotations -->
