<?xml version="1.0" encoding="UTF-8"?>
<!-- Generated by org.testng.reporters.JUnitReportReporter -->
<testsuite hostname="DSB-PC" name="demo.MultipleTestAnnotations" tests="2" failures="0" timestamp="15 Dec 2016 14:05:05 GMT" time="2.619" errors="0">
  <testcase name="verifyTitle" time="0.043" classname="demo.MultipleTestAnnotations"/>
  <testcase name="verifyText" time="2.576" classname="demo.MultipleTestAnnotations"/>
</testsuite> <!-- demo.MultipleTestAnnotations -->
