<?xml version="1.0" encoding="UTF-8"?>
<!-- Generated by org.testng.reporters.JUnitReportReporter -->
<testsuite hostname="DSB-PC" name="demo.VerifyTitle" tests="1" failures="0" timestamp="14 Dec 2016 14:33:29 GMT" time="0.077" errors="0">
  <testcase name="titleVerification" time="0.077" classname="demo.VerifyTitle"/>
</testsuite> <!-- demo.VerifyTitle -->
