<?xml version="1.0" encoding="UTF-8"?>
<!-- Generated by org.testng.reporters.JUnitReportReporter -->
<testsuite hostname="DSB-PC" name="demo.Screenshots" tests="1" failures="0" timestamp="19 Dec 2016 13:56:38 GMT" time="31.896" errors="0">
  <testcase name="testApplication" time="31.896" classname="demo.Screenshots"/>
</testsuite> <!-- demo.Screenshots -->
