<?xml version="1.0" encoding="UTF-8"?>
<!-- Generated by org.testng.reporters.JUnitReportReporter -->
<testsuite hostname="DSB-PC" name="crossBrowserTesting.CBT" tests="6" failures="0" timestamp="16 Dec 2016 13:50:45 GMT" time="0.699" errors="0">
  <testcase name="verifyTitle" time="0.049" classname="crossBrowserTesting.CBT"/>
  <testcase name="verifyText" time="0.233" classname="crossBrowserTesting.CBT"/>
  <testcase name="verifyText" time="0.135" classname="crossBrowserTesting.CBT"/>
  <testcase name="verifyTitle" time="0.039" classname="crossBrowserTesting.CBT"/>
  <testcase name="verifyText" time="0.168" classname="crossBrowserTesting.CBT"/>
  <testcase name="verifyTitle" time="0.075" classname="crossBrowserTesting.CBT"/>
</testsuite> <!-- crossBrowserTesting.CBT -->
